<?xml version="1.0" encoding="UTF-8"?>
<!-- Generated by org.testng.reporters.JUnitReportReporter -->
<testsuite hostname="TCOEAuto14" name="josn.sample.RESTAssuredJSONTests" tests="1" failures="0" timestamp="21 Sep 2019 18:21:23 GMT" time="2.020" errors="0">
  <testcase name="simple_get_test" time="2.020" classname="josn.sample.RESTAssuredJSONTests"/>
</testsuite> <!-- josn.sample.RESTAssuredJSONTests -->
